<?xml version="1.0" encoding="UTF-8"?>
<!-- Generated by org.testng.reporters.JUnitXMLReporter -->
<testsuite hostname="DESKTOP-D4SHPE1" name="Login_TestCase" tests="2" failures="2" timestamp="18 Dec 2019 04:41:21 GMT" time="26.199" errors="0">
  <testcase name="English_and_Arabic_Login_with_incorrect_Corporate_ID_or_User_name" time="4.458" classname="com.eit.stepdefinition.Login_page_test_case">
    <failure type="java.lang.AssertionError" message="English_Login_with_incorrect_Corporate_ID_or_User_name = Expected Result:Enter Correct CorporateID or User name but it shows -&amp;gt;Enter Valid Corporate Id expected [true] but found [false]">
      <![CDATA[java.lang.AssertionError: English_Login_with_incorrect_Corporate_ID_or_User_name = Expected Result:Enter Correct CorporateID or User name but it shows ->Enter Valid Corporate Id expected [true] but found [false]
	at com.eit.stepdefinition.Login_page_test_case.English_and_Arabic_Login_with_incorrect_Corporate_ID_or_User_name(Login_page_test_case.java:36)
... Removed 27 stack frames]]>
    </failure>
  </testcase> <!-- English_and_Arabic_Login_with_incorrect_Corporate_ID_or_User_name -->
  <testcase name="English_and_Arabic_Login_with_incorrect_Corporate_ID_or_User_name" time="2.362" classname="com.eit.stepdefinition.Login_page_test_case">
    <failure type="java.lang.AssertionError" message="English_Login_with_incorrect_Corporate_ID_or_User_name = Expected Result:Enter Correct CorporateID or User name but it shows -&amp;gt;Upgrading to newer version. expected [true] but found [false]">
      <![CDATA[java.lang.AssertionError: English_Login_with_incorrect_Corporate_ID_or_User_name = Expected Result:Enter Correct CorporateID or User name but it shows ->Upgrading to newer version. expected [true] but found [false]
	at com.eit.stepdefinition.Login_page_test_case.English_and_Arabic_Login_with_incorrect_Corporate_ID_or_User_name(Login_page_test_case.java:36)
... Removed 27 stack frames]]>
    </failure>
  </testcase> <!-- English_and_Arabic_Login_with_incorrect_Corporate_ID_or_User_name -->
</testsuite> <!-- Login_TestCase -->
